<?xml version="1.0" encoding="UTF-8"?>
<!-- Generated by org.testng.reporters.JUnitReportReporter -->
<testsuite hostname="Winstons-MacBook-Pro.local" failures="0" tests="1" name="com.techbeamers.testng.SeleniumWeddriverTest" time="14.741" errors="0" timestamp="2020-07-19T21:34:18 ECT" skipped="0">
  <testcase classname="com.techbeamers.testng.SeleniumWeddriverTest" name="myTestCaseNgReport" time="14.741"/>
  <system-out/>
</testsuite> <!-- com.techbeamers.testng.SeleniumWeddriverTest -->
